# Пункт 1
   76  screen -S UserIn System_part2
   77  screen -ls
   78  screen -r UserInSystem_part2 
   79  ls
   80  screen -ls

# Пункт 2-3 (Определение команды ls с помощью compgen)
   88  compgen -c ls

# Пункт 4-5 (Поиск переменных, начинающихся на HIST)
   89  compgen -v HIST

# Пункт 6 (Проверка размера истории)
   90  echo $HISTSIZE

# Пункт 7 (Поиск скрытых файлов в домашнем каталоге)
   91  ls -d ~/.*

# Пункт 8 (Установка формата времени в истории)
   92  HISTTIMEFORMAT='%Y-%m-%d %H:%M:%S '

# Пункт 9 (Настройка автоматического сохранения истории)
# Попытки настройки сохранения истории в файл
...ж
export PROMPT_COMMAND='history -a; history 1 >> ~/eltex-pg2-v16_part.log'

# Пункт 10 (Создание переменной DATE)
DATE=$(date +%Y-%m-%d)
echo $DATE

# Пункт 11 (Создание переменной TIME)
TIME=$(date +%H:%M:%S)
echo $TIME

# Пункт 12 (Создание переменной DATE_TIME)
DATE_TIME="$DATE $TIME"
echo $DATE_TIME

# Пункт 13 (Поиск файлов с цифрами в именах в /bin и /sbin)
ls -1 /bin/*[0-9]* /sbin/*[0-9]* 2>/dev/null

# Пункт 14 (Настройка пользовательского приглашения)
PS1='\u@\h-\t> '
# или с использованием date:
PS1='\u@\h-$(date +%H:%M)> '

# Пункт 15 (Сохранение приглашения для дочерних оболочек)
echo 'export PS1="\u@\h-\t> "' >> ~/.bashrc
source ~/.bashrc

# Пункт 16 (Создание подкаталогов по месяцам)
for m in {01..12}; do mkdir -p "$HOME/$(date +%Y)-$m"; done
